<?xml version="1.0" encoding="utf-8"?><testsuites><testsuite errors="0" failures="0" hostname="type-v2" name="pytest" skipped="0" tests="9" time="0.179" timestamp="2020-05-04T18:41:52.151585"><testcase classname="matrix_tools.tests.test_matrix_tools.TestMatrixTools" name="test_numpy_version" time="0.001"></testcase><testcase classname="matrix_tools.tests.test_matrix_tools.TestMatrixTools" name="test_addition_close[a0-b0-expected0]" time="0.001"></testcase><testcase classname="matrix_tools.tests.test_matrix_tools.TestMatrixTools" name="test_addition_close[a1-b1-expected1]" time="0.001"></testcase><testcase classname="matrix_tools.tests.test_matrix_tools.TestMatrixTools" name="test_addition_close[a2-b2-None]" time="0.001"></testcase><testcase classname="tests.test_matrix_operations" name="test_numpy_version" time="0.000"></testcase><testcase classname="tests.test_matrix_operations" name="test_addition_close" time="0.001"></testcase><testcase classname="tests.test_matrix_operations_param" name="test_numpy_version" time="0.001"></testcase><testcase classname="tests.test_matrix_operations_param" name="test_addition_close[a0-b0-expected0]" time="0.001"></testcase><testcase classname="tests.test_matrix_operations_param" name="test_addition_close[a1-b1-expected1]" time="0.001"></testcase></testsuite></testsuites>