<?xml version="1.0" encoding="utf-8"?><testsuites><testsuite errors="0" failures="0" hostname="type-v2" name="pytest" skipped="5" tests="14" time="0.518" timestamp="2020-05-06T19:34:44.585306"><testcase classname="matrix_tools.tests.test_matrix_tools.TestMatrixTools" name="test_numpy_version" time="0.002"></testcase><testcase classname="matrix_tools.tests.test_matrix_tools.TestMatrixTools" name="test_addition_exact[a0-b0-expected0]" time="0.001"><skipped message="Not using exact matrix comparison" type="pytest.skip">matrix_tools/tests/test_matrix_tools.py:49: Not using exact matrix comparison</skipped></testcase><testcase classname="matrix_tools.tests.test_matrix_tools.TestMatrixTools" name="test_addition_exact[a1-b1-expected1]" time="0.001"><skipped message="Not using exact matrix comparison" type="pytest.skip">matrix_tools/tests/test_matrix_tools.py:49: Not using exact matrix comparison</skipped></testcase><testcase classname="matrix_tools.tests.test_matrix_tools.TestMatrixTools" name="test_addition_close[a0-b0-expected0]" time="0.002"></testcase><testcase classname="matrix_tools.tests.test_matrix_tools.TestMatrixTools" name="test_addition_close[a1-b1-expected1]" time="0.003"></testcase><testcase classname="matrix_tools.tests.test_matrix_tools.TestMatrixTools" name="test_addition_close[a2-b2-None]" time="0.003"></testcase><testcase classname="tests.test_matrix_operations" name="test_numpy_version" time="0.001"></testcase><testcase classname="tests.test_matrix_operations" name="test_addition_exact" time="0.001"><skipped message="Not using exact matrix comparison" type="pytest.skip">tests/test_matrix_operations.py:24: Not using exact matrix comparison</skipped></testcase><testcase classname="tests.test_matrix_operations" name="test_addition_close" time="0.001"></testcase><testcase classname="tests.test_matrix_operations_param" name="test_numpy_version" time="0.001"></testcase><testcase classname="tests.test_matrix_operations_param" name="test_addition_exact[a0-b0-expected0]" time="0.001"><skipped message="Not using exact matrix comparison" type="pytest.skip">tests/test_matrix_operations_param.py:36: Not using exact matrix comparison</skipped></testcase><testcase classname="tests.test_matrix_operations_param" name="test_addition_exact[a1-b1-expected1]" time="0.001"><skipped message="Not using exact matrix comparison" type="pytest.skip">tests/test_matrix_operations_param.py:36: Not using exact matrix comparison</skipped></testcase><testcase classname="tests.test_matrix_operations_param" name="test_addition_close[a0-b0-expected0]" time="0.003"></testcase><testcase classname="tests.test_matrix_operations_param" name="test_addition_close[a1-b1-expected1]" time="0.002"></testcase></testsuite></testsuites>